d:\games\new pc\nbuhomework\нбу първа година\лекции\обектно-ориентирано програмиране - марияна райкова\projectvectors\project1\debug\vc142.pdb
d:\games\new pc\nbuhomework\нбу първа година\лекции\обектно-ориентирано програмиране - марияна райкова\projectvectors\project1\debug\vc142.idb
d:\games\new pc\nbuhomework\нбу първа година\лекции\обектно-ориентирано програмиране - марияна райкова\projectvectors\project1\debug\vector.nativecodeanalysis.sarif
d:\games\new pc\nbuhomework\нбу първа година\лекции\обектно-ориентирано програмиране - марияна райкова\projectvectors\project1\debug\vector.nativecodeanalysis.xml
d:\games\new pc\nbuhomework\нбу първа година\лекции\обектно-ориентирано програмиране - марияна райкова\projectvectors\project1\debug\triangle.nativecodeanalysis.sarif
d:\games\new pc\nbuhomework\нбу първа година\лекции\обектно-ориентирано програмиране - марияна райкова\projectvectors\project1\debug\triangle.nativecodeanalysis.xml
d:\games\new pc\nbuhomework\нбу първа година\лекции\обектно-ориентирано програмиране - марияна райкова\projectvectors\project1\debug\tetrahedron.nativecodeanalysis.sarif
d:\games\new pc\nbuhomework\нбу първа година\лекции\обектно-ориентирано програмиране - марияна райкова\projectvectors\project1\debug\tetrahedron.nativecodeanalysis.xml
d:\games\new pc\nbuhomework\нбу първа година\лекции\обектно-ориентирано програмиране - марияна райкова\projectvectors\project1\debug\point.nativecodeanalysis.sarif
d:\games\new pc\nbuhomework\нбу първа година\лекции\обектно-ориентирано програмиране - марияна райкова\projectvectors\project1\debug\point.nativecodeanalysis.xml
d:\games\new pc\nbuhomework\нбу първа година\лекции\обектно-ориентирано програмиране - марияна райкова\projectvectors\project1\debug\main.nativecodeanalysis.sarif
d:\games\new pc\nbuhomework\нбу първа година\лекции\обектно-ориентирано програмиране - марияна райкова\projectvectors\project1\debug\main.nativecodeanalysis.xml
d:\games\new pc\nbuhomework\нбу първа година\лекции\обектно-ориентирано програмиране - марияна райкова\projectvectors\project1\debug\line.nativecodeanalysis.sarif
d:\games\new pc\nbuhomework\нбу първа година\лекции\обектно-ориентирано програмиране - марияна райкова\projectvectors\project1\debug\line.nativecodeanalysis.xml
d:\games\new pc\nbuhomework\нбу първа година\лекции\обектно-ориентирано програмиране - марияна райкова\projectvectors\project1\debug\line.obj
d:\games\new pc\nbuhomework\нбу първа година\лекции\обектно-ориентирано програмиране - марияна райкова\projectvectors\project1\debug\main.obj
d:\games\new pc\nbuhomework\нбу първа година\лекции\обектно-ориентирано програмиране - марияна райкова\projectvectors\project1\debug\point.obj
d:\games\new pc\nbuhomework\нбу първа година\лекции\обектно-ориентирано програмиране - марияна райкова\projectvectors\project1\debug\tetrahedron.obj
d:\games\new pc\nbuhomework\нбу първа година\лекции\обектно-ориентирано програмиране - марияна райкова\projectvectors\project1\debug\triangle.obj
d:\games\new pc\nbuhomework\нбу първа година\лекции\обектно-ориентирано програмиране - марияна райкова\projectvectors\project1\debug\vector.obj
d:\games\new pc\nbuhomework\нбу първа година\лекции\обектно-ориентирано програмиране - марияна райкова\projectvectors\debug\project1.ilk
d:\games\new pc\nbuhomework\нбу първа година\лекции\обектно-ориентирано програмиране - марияна райкова\projectvectors\debug\project1.exe
d:\games\new pc\nbuhomework\нбу първа година\лекции\обектно-ориентирано програмиране - марияна райкова\projectvectors\debug\project1.pdb
d:\games\new pc\nbuhomework\нбу първа година\лекции\обектно-ориентирано програмиране - марияна райкова\projectvectors\project1\debug\nativecodeanalysis.read.1.tlog
d:\games\new pc\nbuhomework\нбу първа година\лекции\обектно-ориентирано програмиране - марияна райкова\projectvectors\project1\debug\vc.nativecodeanalysis.all.xml
d:\games\new pc\nbuhomework\нбу първа година\лекции\обектно-ориентирано програмиране - марияна райкова\projectvectors\debug\project1.exe.lastcodeanalysissucceeded
d:\games\new pc\nbuhomework\нбу първа година\лекции\обектно-ориентирано програмиране - марияна райкова\projectvectors\project1\debug\project1.tlog\cl.command.1.tlog
d:\games\new pc\nbuhomework\нбу първа година\лекции\обектно-ориентирано програмиране - марияна райкова\projectvectors\project1\debug\project1.tlog\cl.read.1.tlog
d:\games\new pc\nbuhomework\нбу първа година\лекции\обектно-ориентирано програмиране - марияна райкова\projectvectors\project1\debug\project1.tlog\cl.write.1.tlog
d:\games\new pc\nbuhomework\нбу първа година\лекции\обектно-ориентирано програмиране - марияна райкова\projectvectors\project1\debug\project1.tlog\link.command.1.tlog
d:\games\new pc\nbuhomework\нбу първа година\лекции\обектно-ориентирано програмиране - марияна райкова\projectvectors\project1\debug\project1.tlog\link.read.1.tlog
d:\games\new pc\nbuhomework\нбу първа година\лекции\обектно-ориентирано програмиране - марияна райкова\projectvectors\project1\debug\project1.tlog\link.write.1.tlog
